Using pre-set license
Built from '2021.1/release' branch; Version is '2021.1.16f1 (5fa502fca597) revision 6268162'; Using compiler version '192528614'; Build Type 'Release'
OS: 'Windows 10 Home; OS build 19044.1706; Version 2009; 64bit' Language: 'es' Physical Memory: 16273 MB
BatchMode: 1, IsHumanControllingUs: 0, StartBugReporterOnCrash: 0, Is64bit: 1, IsPro: 0

 COMMAND LINE ARGUMENTS:
D:\Unity\Unity Editor\Editor\Unity.exe
-adb2
-batchMode
-noUpm
-name
AssetImportWorker0
-projectPath
D:/Unity/Projects/Untold
-logFile
Logs/AssetImportWorker0.log
-srvPort
52523
Successfully changed project path to: D:/Unity/Projects/Untold
D:/Unity/Projects/Untold
Using Asset Import Pipeline V2.
Refreshing native plugins compatible for Editor in 66.13 ms, found 2 plugins.
Preloading 0 native plugins for Editor in 0.00 ms.
Initialize engine version: 2021.1.16f1 (5fa502fca597)
[Subsystems] Discovering subsystems at path D:/Unity/Unity Editor/Editor/Data/Resources/UnitySubsystems
[Subsystems] Discovering subsystems at path D:/Unity/Projects/Untold/Assets
GfxDevice: creating device client; threaded=0; jobified=0
Direct3D:
    Version:  Direct3D 11.0 [level 11.0]
    Renderer: NVIDIA GeForce GTX 960M (ID=0x139b)
    Vendor:   NVIDIA
    VRAM:     4053 MB
    Driver:   30.0.15.1123
Initialize mono
Mono path[0] = 'D:/Unity/Unity Editor/Editor/Data/Managed'
Mono path[1] = 'D:/Unity/Unity Editor/Editor/Data/MonoBleedingEdge/lib/mono/unityjit'
Mono config path = 'D:/Unity/Unity Editor/Editor/Data/MonoBleedingEdge/etc'
Using monoOptions --debugger-agent=transport=dt_socket,embedding=1,server=y,suspend=n,address=127.0.0.1:56908
Begin MonoManager ReloadAssembly
Registering precompiled unity dll's ...
Register platform support module: D:/Unity/Unity Editor/Editor/Data/PlaybackEngines/WindowsStandaloneSupport/UnityEditor.WindowsStandalone.Extensions.dll
Registered in 0.001770 seconds.
Native extension for WindowsStandalone target not found
Refreshing native plugins compatible for Editor in 70.13 ms, found 2 plugins.
Preloading 0 native plugins for Editor in 0.00 ms.
Mono: successfully reloaded assembly
- Completed reload, in  1.474 seconds
Domain Reload Profiling:
	ReloadAssembly (1474ms)
		BeginReloadAssembly (104ms)
			ExecutionOrderSort (0ms)
			DisableScriptedObjects (0ms)
			BackupInstance (0ms)
			ReleaseScriptingObjects (0ms)
			CreateAndSetChildDomain (1ms)
		EndReloadAssembly (643ms)
			LoadAssemblies (102ms)
			RebuildTransferFunctionScriptingTraits (0ms)
			SetupTypeCache (253ms)
			ReleaseScriptCaches (0ms)
			RebuildScriptCaches (53ms)
			SetupLoadedEditorAssemblies (267ms)
				LogAssemblyErrors (0ms)
				InitializePlatformSupportModulesInManaged (10ms)
				SetLoadedEditorAssemblies (0ms)
				RefreshPlugins (70ms)
				BeforeProcessingInitializeOnLoad (3ms)
				ProcessInitializeOnLoadAttributes (143ms)
				ProcessInitializeOnLoadMethodAttributes (41ms)
				AfterProcessingInitializeOnLoad (0ms)
				EditorAssembliesLoaded (0ms)
			ExecutionOrderSort2 (0ms)
			AwakeInstancesAfterBackupRestoration (0ms)
Platform modules already initialized, skipping
Registering precompiled user dll's ...
Registered in 0.005387 seconds.
Begin MonoManager ReloadAssembly
Native extension for WindowsStandalone target not found
Refreshing native plugins compatible for Editor in 0.55 ms, found 2 plugins.
Preloading 0 native plugins for Editor in 0.00 ms.
Mono: successfully reloaded assembly
- Completed reload, in  1.626 seconds
Domain Reload Profiling:
	ReloadAssembly (1627ms)
		BeginReloadAssembly (213ms)
			ExecutionOrderSort (0ms)
			DisableScriptedObjects (6ms)
			BackupInstance (0ms)
			ReleaseScriptingObjects (0ms)
			CreateAndSetChildDomain (28ms)
		EndReloadAssembly (1343ms)
			LoadAssemblies (123ms)
			RebuildTransferFunctionScriptingTraits (0ms)
			SetupTypeCache (526ms)
			ReleaseScriptCaches (1ms)
			RebuildScriptCaches (96ms)
			SetupLoadedEditorAssemblies (441ms)
				LogAssemblyErrors (0ms)
				InitializePlatformSupportModulesInManaged (6ms)
				SetLoadedEditorAssemblies (1ms)
				RefreshPlugins (1ms)
				BeforeProcessingInitializeOnLoad (60ms)
				ProcessInitializeOnLoadAttributes (360ms)
				ProcessInitializeOnLoadMethodAttributes (11ms)
				AfterProcessingInitializeOnLoad (3ms)
				EditorAssembliesLoaded (0ms)
			ExecutionOrderSort2 (0ms)
			AwakeInstancesAfterBackupRestoration (10ms)
Platform modules already initialized, skipping
========================================================================
Worker process is ready to serve import requests
Launched and connected shader compiler UnityShaderCompiler.exe after 0.07 seconds
Refreshing native plugins compatible for Editor in 0.98 ms, found 2 plugins.
Preloading 0 native plugins for Editor in 0.00 ms.
Unloading 1839 Unused Serialized files (Serialized files now loaded: 0)
System memory in use before: 103.5 MB.
System memory in use after: 103.6 MB.

Unloading 20 unused Assets to reduce memory usage. Loaded Objects now: 2316.
Total: 3.426900 ms (FindLiveObjects: 0.210400 ms CreateObjectMapping: 0.085500 ms MarkObjects: 2.986300 ms  DeleteObjects: 0.143300 ms)

AssetImportParameters requested are different than current active one (requested -> active):
  custom:framework-win-MediaFoundation: 216162199b28c13a410421893ffa2e32 -> 
  custom:video-decoder-ogg-theora: a1e56fd34408186e4bbccfd4996cb3dc -> 
  custom:container-muxer-webm: aa71ff27fc2769a1b78a27578f13a17b -> 
  custom:container-demuxer-webm: 4f35f7cbe854078d1ac9338744f61a02 -> 
  custom:container-demuxer-ogg: 62fdf1f143b41e24485cea50d1cbac27 -> 
  custom:video-encoder-webm-vp8: eb34c28f22e8b96e1ab97ce403110664 -> 
  custom:video-decoder-webm-vp8: 9c59270c3fd7afecdb556c50c9e8de78 -> 
  custom:audio-decoder-ogg-vorbis: bf7c407c2cedff20999df2af8eb42d56 -> 
  custom:audio-encoder-webm-vorbis: bf7c407c2cedff20999df2af8eb42d56 -> 
========================================================================
Received Import Request.
  path: Assets/Scripts/ScoreManager.cs
  artifactKey: Guid(ddb94ade13365b24fb56e9ff411060f4) Importer(815301076,1909f56bfc062723c751e8b465ee728b)
Start importing Assets/Scripts/ScoreManager.cs using Guid(ddb94ade13365b24fb56e9ff411060f4) Importer(815301076,1909f56bfc062723c751e8b465ee728b)  -> (artifact id: '3c22ff7ed44190b07ddba6526caa02b3') in 0.114081 seconds 
========================================================================
Received Import Request.
  Time since last request: 33.039140 seconds.
  path: Assets/Scripts/ScoreManager.cs
  artifactKey: Guid(ddb94ade13365b24fb56e9ff411060f4) Importer(815301076,1909f56bfc062723c751e8b465ee728b)
Start importing Assets/Scripts/ScoreManager.cs using Guid(ddb94ade13365b24fb56e9ff411060f4) Importer(815301076,1909f56bfc062723c751e8b465ee728b)  -> (artifact id: 'ecffe78e1115df25700b73a407827f7a') in 0.002142 seconds 
========================================================================
Received Prepare
Registering precompiled user dll's ...
Registered in 0.004624 seconds.
Begin MonoManager ReloadAssembly
Native extension for WindowsStandalone target not found
Refreshing native plugins compatible for Editor in 0.72 ms, found 2 plugins.
Preloading 0 native plugins for Editor in 0.00 ms.
Mono: successfully reloaded assembly
- Completed reload, in  1.332 seconds
Domain Reload Profiling:
	ReloadAssembly (1332ms)
		BeginReloadAssembly (158ms)
			ExecutionOrderSort (0ms)
			DisableScriptedObjects (8ms)
			BackupInstance (0ms)
			ReleaseScriptingObjects (0ms)
			CreateAndSetChildDomain (44ms)
		EndReloadAssembly (1103ms)
			LoadAssemblies (122ms)
			RebuildTransferFunctionScriptingTraits (0ms)
			SetupTypeCache (446ms)
			ReleaseScriptCaches (1ms)
			RebuildScriptCaches (56ms)
			SetupLoadedEditorAssemblies (345ms)
				LogAssemblyErrors (0ms)
				InitializePlatformSupportModulesInManaged (9ms)
				SetLoadedEditorAssemblies (2ms)
				RefreshPlugins (1ms)
				BeforeProcessingInitializeOnLoad (49ms)
				ProcessInitializeOnLoadAttributes (267ms)
				ProcessInitializeOnLoadMethodAttributes (14ms)
				AfterProcessingInitializeOnLoad (3ms)
				EditorAssembliesLoaded (0ms)
			ExecutionOrderSort2 (0ms)
			AwakeInstancesAfterBackupRestoration (10ms)
Platform modules already initialized, skipping
Refreshing native plugins compatible for Editor in 0.69 ms, found 2 plugins.
Preloading 0 native plugins for Editor in 0.00 ms.
Unloading 1787 Unused Serialized files (Serialized files now loaded: 0)
System memory in use before: 98.8 MB.
System memory in use after: 98.9 MB.

Unloading 15 unused Assets to reduce memory usage. Loaded Objects now: 2318.
Total: 3.799200 ms (FindLiveObjects: 0.203000 ms CreateObjectMapping: 0.079000 ms MarkObjects: 3.495300 ms  DeleteObjects: 0.020600 ms)

AssetImportParameters requested are different than current active one (requested -> active):
  custom:framework-win-MediaFoundation: 216162199b28c13a410421893ffa2e32 -> 
  custom:video-decoder-ogg-theora: a1e56fd34408186e4bbccfd4996cb3dc -> 
  custom:container-muxer-webm: aa71ff27fc2769a1b78a27578f13a17b -> 
  custom:container-demuxer-webm: 4f35f7cbe854078d1ac9338744f61a02 -> 
  custom:container-demuxer-ogg: 62fdf1f143b41e24485cea50d1cbac27 -> 
  custom:video-encoder-webm-vp8: eb34c28f22e8b96e1ab97ce403110664 -> 
  custom:video-decoder-webm-vp8: 9c59270c3fd7afecdb556c50c9e8de78 -> 
  custom:audio-decoder-ogg-vorbis: bf7c407c2cedff20999df2af8eb42d56 -> 
  custom:audio-encoder-webm-vorbis: bf7c407c2cedff20999df2af8eb42d56 -> 
========================================================================
Received Prepare
Registering precompiled user dll's ...
Registered in 0.004914 seconds.
Begin MonoManager ReloadAssembly
Native extension for WindowsStandalone target not found
Refreshing native plugins compatible for Editor in 0.59 ms, found 2 plugins.
Preloading 0 native plugins for Editor in 0.00 ms.
Mono: successfully reloaded assembly
- Completed reload, in  1.366 seconds
Domain Reload Profiling:
	ReloadAssembly (1366ms)
		BeginReloadAssembly (149ms)
			ExecutionOrderSort (0ms)
			DisableScriptedObjects (5ms)
			BackupInstance (0ms)
			ReleaseScriptingObjects (0ms)
			CreateAndSetChildDomain (41ms)
		EndReloadAssembly (1125ms)
			LoadAssemblies (121ms)
			RebuildTransferFunctionScriptingTraits (0ms)
			SetupTypeCache (442ms)
			ReleaseScriptCaches (1ms)
			RebuildScriptCaches (57ms)
			SetupLoadedEditorAssemblies (363ms)
				LogAssemblyErrors (0ms)
				InitializePlatformSupportModulesInManaged (7ms)
				SetLoadedEditorAssemblies (0ms)
				RefreshPlugins (1ms)
				BeforeProcessingInitializeOnLoad (54ms)
				ProcessInitializeOnLoadAttributes (285ms)
				ProcessInitializeOnLoadMethodAttributes (12ms)
				AfterProcessingInitializeOnLoad (4ms)
				EditorAssembliesLoaded (0ms)
			ExecutionOrderSort2 (0ms)
			AwakeInstancesAfterBackupRestoration (9ms)
Platform modules already initialized, skipping
Refreshing native plugins compatible for Editor in 1.14 ms, found 2 plugins.
Preloading 0 native plugins for Editor in 0.00 ms.
Unloading 1787 Unused Serialized files (Serialized files now loaded: 0)
System memory in use before: 98.8 MB.
System memory in use after: 98.9 MB.

Unloading 15 unused Assets to reduce memory usage. Loaded Objects now: 2320.
Total: 4.166000 ms (FindLiveObjects: 0.296700 ms CreateObjectMapping: 0.156900 ms MarkObjects: 3.689200 ms  DeleteObjects: 0.021600 ms)

AssetImportParameters requested are different than current active one (requested -> active):
  custom:framework-win-MediaFoundation: 216162199b28c13a410421893ffa2e32 -> 
  custom:video-decoder-ogg-theora: a1e56fd34408186e4bbccfd4996cb3dc -> 
  custom:container-muxer-webm: aa71ff27fc2769a1b78a27578f13a17b -> 
  custom:container-demuxer-webm: 4f35f7cbe854078d1ac9338744f61a02 -> 
  custom:container-demuxer-ogg: 62fdf1f143b41e24485cea50d1cbac27 -> 
  custom:video-encoder-webm-vp8: eb34c28f22e8b96e1ab97ce403110664 -> 
  custom:video-decoder-webm-vp8: 9c59270c3fd7afecdb556c50c9e8de78 -> 
  custom:audio-decoder-ogg-vorbis: bf7c407c2cedff20999df2af8eb42d56 -> 
  custom:audio-encoder-webm-vorbis: bf7c407c2cedff20999df2af8eb42d56 -> 
========================================================================
Received Prepare
Registering precompiled user dll's ...
Registered in 0.005270 seconds.
Begin MonoManager ReloadAssembly
Native extension for WindowsStandalone target not found
Refreshing native plugins compatible for Editor in 0.63 ms, found 2 plugins.
Preloading 0 native plugins for Editor in 0.00 ms.
Mono: successfully reloaded assembly
- Completed reload, in  1.461 seconds
Domain Reload Profiling:
	ReloadAssembly (1461ms)
		BeginReloadAssembly (166ms)
			ExecutionOrderSort (0ms)
			DisableScriptedObjects (6ms)
			BackupInstance (0ms)
			ReleaseScriptingObjects (0ms)
			CreateAndSetChildDomain (48ms)
		EndReloadAssembly (1211ms)
			LoadAssemblies (160ms)
			RebuildTransferFunctionScriptingTraits (0ms)
			SetupTypeCache (480ms)
			ReleaseScriptCaches (1ms)
			RebuildScriptCaches (60ms)
			SetupLoadedEditorAssemblies (375ms)
				LogAssemblyErrors (0ms)
				InitializePlatformSupportModulesInManaged (8ms)
				SetLoadedEditorAssemblies (1ms)
				RefreshPlugins (1ms)
				BeforeProcessingInitializeOnLoad (79ms)
				ProcessInitializeOnLoadAttributes (272ms)
				ProcessInitializeOnLoadMethodAttributes (11ms)
				AfterProcessingInitializeOnLoad (3ms)
				EditorAssembliesLoaded (0ms)
			ExecutionOrderSort2 (0ms)
			AwakeInstancesAfterBackupRestoration (8ms)
Platform modules already initialized, skipping
Refreshing native plugins compatible for Editor in 0.87 ms, found 2 plugins.
Preloading 0 native plugins for Editor in 0.00 ms.
Unloading 1787 Unused Serialized files (Serialized files now loaded: 0)
System memory in use before: 98.8 MB.
System memory in use after: 98.9 MB.

Unloading 15 unused Assets to reduce memory usage. Loaded Objects now: 2322.
Total: 3.740700 ms (FindLiveObjects: 0.152300 ms CreateObjectMapping: 0.069900 ms MarkObjects: 3.499000 ms  DeleteObjects: 0.018400 ms)

AssetImportParameters requested are different than current active one (requested -> active):
  custom:framework-win-MediaFoundation: 216162199b28c13a410421893ffa2e32 -> 
  custom:video-decoder-ogg-theora: a1e56fd34408186e4bbccfd4996cb3dc -> 
  custom:container-muxer-webm: aa71ff27fc2769a1b78a27578f13a17b -> 
  custom:container-demuxer-webm: 4f35f7cbe854078d1ac9338744f61a02 -> 
  custom:container-demuxer-ogg: 62fdf1f143b41e24485cea50d1cbac27 -> 
  custom:video-encoder-webm-vp8: eb34c28f22e8b96e1ab97ce403110664 -> 
  custom:video-decoder-webm-vp8: 9c59270c3fd7afecdb556c50c9e8de78 -> 
  custom:audio-decoder-ogg-vorbis: bf7c407c2cedff20999df2af8eb42d56 -> 
  custom:audio-encoder-webm-vorbis: bf7c407c2cedff20999df2af8eb42d56 -> 
========================================================================
Received Prepare
Registering precompiled user dll's ...
Registered in 0.007313 seconds.
Begin MonoManager ReloadAssembly
Native extension for WindowsStandalone target not found
Refreshing native plugins compatible for Editor in 1.60 ms, found 2 plugins.
Preloading 0 native plugins for Editor in 0.00 ms.
Mono: successfully reloaded assembly
- Completed reload, in  1.567 seconds
Domain Reload Profiling:
	ReloadAssembly (1567ms)
		BeginReloadAssembly (152ms)
			ExecutionOrderSort (0ms)
			DisableScriptedObjects (6ms)
			BackupInstance (0ms)
			ReleaseScriptingObjects (0ms)
			CreateAndSetChildDomain (47ms)
		EndReloadAssembly (1339ms)
			LoadAssemblies (130ms)
			RebuildTransferFunctionScriptingTraits (0ms)
			SetupTypeCache (558ms)
			ReleaseScriptCaches (2ms)
			RebuildScriptCaches (67ms)
			SetupLoadedEditorAssemblies (396ms)
				LogAssemblyErrors (0ms)
				InitializePlatformSupportModulesInManaged (13ms)
				SetLoadedEditorAssemblies (3ms)
				RefreshPlugins (2ms)
				BeforeProcessingInitializeOnLoad (69ms)
				ProcessInitializeOnLoadAttributes (292ms)
				ProcessInitializeOnLoadMethodAttributes (12ms)
				AfterProcessingInitializeOnLoad (5ms)
				EditorAssembliesLoaded (0ms)
			ExecutionOrderSort2 (0ms)
			AwakeInstancesAfterBackupRestoration (8ms)
Platform modules already initialized, skipping
Refreshing native plugins compatible for Editor in 0.59 ms, found 2 plugins.
Preloading 0 native plugins for Editor in 0.00 ms.
Unloading 1789 Unused Serialized files (Serialized files now loaded: 0)
System memory in use before: 98.9 MB.
System memory in use after: 99.0 MB.

Unloading 15 unused Assets to reduce memory usage. Loaded Objects now: 2326.
Total: 3.141000 ms (FindLiveObjects: 0.159200 ms CreateObjectMapping: 0.070900 ms MarkObjects: 2.890300 ms  DeleteObjects: 0.019100 ms)

AssetImportParameters requested are different than current active one (requested -> active):
  custom:framework-win-MediaFoundation: 216162199b28c13a410421893ffa2e32 -> 
  custom:video-decoder-ogg-theora: a1e56fd34408186e4bbccfd4996cb3dc -> 
  custom:container-muxer-webm: aa71ff27fc2769a1b78a27578f13a17b -> 
  custom:container-demuxer-webm: 4f35f7cbe854078d1ac9338744f61a02 -> 
  custom:container-demuxer-ogg: 62fdf1f143b41e24485cea50d1cbac27 -> 
  custom:video-encoder-webm-vp8: eb34c28f22e8b96e1ab97ce403110664 -> 
  custom:video-decoder-webm-vp8: 9c59270c3fd7afecdb556c50c9e8de78 -> 
  custom:audio-decoder-ogg-vorbis: bf7c407c2cedff20999df2af8eb42d56 -> 
  custom:audio-encoder-webm-vorbis: bf7c407c2cedff20999df2af8eb42d56 -> 
========================================================================
Received Import Request.
  Time since last request: 896.224176 seconds.
  path: Assets/_Gloomy_Animal/Animations
  artifactKey: Guid(8d4da848e76ccbe44923c6471741729f) Importer(815301076,1909f56bfc062723c751e8b465ee728b)
Start importing Assets/_Gloomy_Animal/Animations using Guid(8d4da848e76ccbe44923c6471741729f) Importer(815301076,1909f56bfc062723c751e8b465ee728b)  -> (artifact id: '238e1e282ec0499fddf0254d733394d6') in 0.007081 seconds 
========================================================================
Received Import Request.
  Time since last request: 0.113102 seconds.
  path: Assets/_Gloomy_Animal/Animations/Chicken@move.FBX
  artifactKey: Guid(45ef955cc90b2c746a79a865017c51d6) Importer(815301076,1909f56bfc062723c751e8b465ee728b)
Start importing Assets/_Gloomy_Animal/Animations/Chicken@move.FBX using Guid(45ef955cc90b2c746a79a865017c51d6) Importer(815301076,1909f56bfc062723c751e8b465ee728b)  -> (artifact id: '4571b6fc84f0f597c7482f40175223fa') in 0.135399 seconds 
========================================================================
Received Import Request.
  Time since last request: 0.000479 seconds.
  path: Assets/_Gloomy_Animal/Animations/Dragon@move.FBX
  artifactKey: Guid(67168d7b71f754242bdc389951d2031b) Importer(815301076,1909f56bfc062723c751e8b465ee728b)
Start importing Assets/_Gloomy_Animal/Animations/Dragon@move.FBX using Guid(67168d7b71f754242bdc389951d2031b) Importer(815301076,1909f56bfc062723c751e8b465ee728b)  -> (artifact id: '73c476f8e79f3acf97e0d7a9877bd9e6') in 0.006009 seconds 
========================================================================
Received Import Request.
  Time since last request: 0.000423 seconds.
  path: Assets/_Gloomy_Animal/Animations/Condor@move.FBX
  artifactKey: Guid(aaa347a3d0f42d34db6ab98a98946fc4) Importer(815301076,1909f56bfc062723c751e8b465ee728b)
Start importing Assets/_Gloomy_Animal/Animations/Condor@move.FBX using Guid(aaa347a3d0f42d34db6ab98a98946fc4) Importer(815301076,1909f56bfc062723c751e8b465ee728b)  -> (artifact id: '3456681c068521801b3c671e511662cc') in 0.005681 seconds 
========================================================================
Received Import Request.
  Time since last request: 3.595107 seconds.
  path: Assets/_Gloomy_Animal/Meshs
  artifactKey: Guid(0a58ec640fe5eab488c862e49c98eb30) Importer(815301076,1909f56bfc062723c751e8b465ee728b)
Start importing Assets/_Gloomy_Animal/Meshs using Guid(0a58ec640fe5eab488c862e49c98eb30) Importer(815301076,1909f56bfc062723c751e8b465ee728b)  -> (artifact id: 'aa55a0bcb29b10db4e2bcfd62112de8a') in 0.002364 seconds 
========================================================================
Received Import Request.
  Time since last request: 0.052283 seconds.
  path: Assets/_Gloomy_Animal/Meshs/Chicken.FBX
  artifactKey: Guid(555450ad5876a1b4a87f02765f03e159) Importer(815301076,1909f56bfc062723c751e8b465ee728b)
Start importing Assets/_Gloomy_Animal/Meshs/Chicken.FBX using Guid(555450ad5876a1b4a87f02765f03e159) Importer(815301076,1909f56bfc062723c751e8b465ee728b)  -> (artifact id: '29190ac8cfb67ef8bb3b143c779d396b') in 0.193392 seconds 
========================================================================
Received Import Request.
  Time since last request: 0.000510 seconds.
  path: Assets/_Gloomy_Animal/Meshs/Chicken.prefab
  artifactKey: Guid(af68f6ffff31ff64c93521a587d234b1) Importer(815301076,1909f56bfc062723c751e8b465ee728b)
Start importing Assets/_Gloomy_Animal/Meshs/Chicken.prefab using Guid(af68f6ffff31ff64c93521a587d234b1) Importer(815301076,1909f56bfc062723c751e8b465ee728b)  -> (artifact id: '863e97dcb4c60fc35d6957957737208c') in 0.079432 seconds 
========================================================================
Received Import Request.
  Time since last request: 0.000600 seconds.
  path: Assets/_Gloomy_Animal/Meshs/Dragon.prefab
  artifactKey: Guid(6ff0cd15d1a2a2942b6bb5159b2a0b51) Importer(815301076,1909f56bfc062723c751e8b465ee728b)
Start importing Assets/_Gloomy_Animal/Meshs/Dragon.prefab using Guid(6ff0cd15d1a2a2942b6bb5159b2a0b51) Importer(815301076,1909f56bfc062723c751e8b465ee728b)  -> (artifact id: '0a5795505f87a6eb5e27f11633099fad') in 0.015842 seconds 
========================================================================
Received Import Request.
  Time since last request: 0.000500 seconds.
  path: Assets/_Gloomy_Animal/Meshs/Dragon.FBX
  artifactKey: Guid(bcf471273cc460644bee464d85b13464) Importer(815301076,1909f56bfc062723c751e8b465ee728b)
Start importing Assets/_Gloomy_Animal/Meshs/Dragon.FBX using Guid(bcf471273cc460644bee464d85b13464) Importer(815301076,1909f56bfc062723c751e8b465ee728b)  -> (artifact id: 'af991a090d3cb3c951a1ebf34bb1141a') in 0.029343 seconds 
========================================================================
Received Import Request.
  Time since last request: 0.000491 seconds.
  path: Assets/_Gloomy_Animal/Meshs/Condor.FBX
  artifactKey: Guid(502a4071839047240892ff17ea8ec488) Importer(815301076,1909f56bfc062723c751e8b465ee728b)
Start importing Assets/_Gloomy_Animal/Meshs/Condor.FBX using Guid(502a4071839047240892ff17ea8ec488) Importer(815301076,1909f56bfc062723c751e8b465ee728b)  -> (artifact id: 'abb4e7d0cc2a80fbdc577a90669f2575') in 0.028547 seconds 
========================================================================
Received Import Request.
  Time since last request: 0.000516 seconds.
  path: Assets/_Gloomy_Animal/Meshs/Condor.prefab
  artifactKey: Guid(ea09f74638baa144b976a6d30cfeb5c0) Importer(815301076,1909f56bfc062723c751e8b465ee728b)
Start importing Assets/_Gloomy_Animal/Meshs/Condor.prefab using Guid(ea09f74638baa144b976a6d30cfeb5c0) Importer(815301076,1909f56bfc062723c751e8b465ee728b)  -> (artifact id: '11e030c12764221c81d0bd7318f37828') in 0.013472 seconds 
========================================================================
Received Import Request.
  Time since last request: 9.858227 seconds.
  path: Assets/Scenes/Level 1.unity
  artifactKey: Guid(007de98017eb66b46a00fd4d6ebabcd3) Importer(815301076,1909f56bfc062723c751e8b465ee728b)
Start importing Assets/Scenes/Level 1.unity using Guid(007de98017eb66b46a00fd4d6ebabcd3) Importer(815301076,1909f56bfc062723c751e8b465ee728b)  -> (artifact id: 'c5a53f66f7b25c7b2f081dafcf25dfc2') in 0.037489 seconds 
========================================================================
Received Import Request.
  Time since last request: 362.159350 seconds.
  path: Assets/Scripts/EnemyController.cs
  artifactKey: Guid(e83a129bf42eb5840a793f81f1ba82c0) Importer(815301076,1909f56bfc062723c751e8b465ee728b)
Start importing Assets/Scripts/EnemyController.cs using Guid(e83a129bf42eb5840a793f81f1ba82c0) Importer(815301076,1909f56bfc062723c751e8b465ee728b)  -> (artifact id: 'c7f81b0cb99bd7c4515269b846b40cd5') in 0.002602 seconds 
========================================================================
Received Import Request.
  Time since last request: 18.279593 seconds.
  path: Assets/Scripts/TurtleShellController.cs
  artifactKey: Guid(e83a129bf42eb5840a793f81f1ba82c0) Importer(815301076,1909f56bfc062723c751e8b465ee728b)
Start importing Assets/Scripts/TurtleShellController.cs using Guid(e83a129bf42eb5840a793f81f1ba82c0) Importer(815301076,1909f56bfc062723c751e8b465ee728b)  -> (artifact id: '8b430655246c40748483785eb57100f7') in 0.002145 seconds 
========================================================================
Received Prepare
Registering precompiled user dll's ...
Registered in 0.004893 seconds.
Begin MonoManager ReloadAssembly
Native extension for WindowsStandalone target not found
Refreshing native plugins compatible for Editor in 0.56 ms, found 2 plugins.
Preloading 0 native plugins for Editor in 0.00 ms.
Mono: successfully reloaded assembly
- Completed reload, in  1.354 seconds
Domain Reload Profiling:
	ReloadAssembly (1355ms)
		BeginReloadAssembly (168ms)
			ExecutionOrderSort (0ms)
			DisableScriptedObjects (6ms)
			BackupInstance (0ms)
			ReleaseScriptingObjects (0ms)
			CreateAndSetChildDomain (49ms)
		EndReloadAssembly (1116ms)
			LoadAssemblies (134ms)
			RebuildTransferFunctionScriptingTraits (0ms)
			SetupTypeCache (477ms)
			ReleaseScriptCaches (1ms)
			RebuildScriptCaches (53ms)
			SetupLoadedEditorAssemblies (330ms)
				LogAssemblyErrors (0ms)
				InitializePlatformSupportModulesInManaged (5ms)
				SetLoadedEditorAssemblies (0ms)
				RefreshPlugins (1ms)
				BeforeProcessingInitializeOnLoad (50ms)
				ProcessInitializeOnLoadAttributes (259ms)
				ProcessInitializeOnLoadMethodAttributes (11ms)
				AfterProcessingInitializeOnLoad (3ms)
				EditorAssembliesLoaded (0ms)
			ExecutionOrderSort2 (0ms)
			AwakeInstancesAfterBackupRestoration (9ms)
Platform modules already initialized, skipping
Refreshing native plugins compatible for Editor in 0.66 ms, found 2 plugins.
Preloading 0 native plugins for Editor in 0.00 ms.
Unloading 1789 Unused Serialized files (Serialized files now loaded: 0)
System memory in use before: 116.7 MB.
System memory in use after: 116.8 MB.

Unloading 15 unused Assets to reduce memory usage. Loaded Objects now: 2339.
Total: 5.143700 ms (FindLiveObjects: 0.472900 ms CreateObjectMapping: 0.070000 ms MarkObjects: 4.536200 ms  DeleteObjects: 0.063400 ms)

AssetImportParameters requested are different than current active one (requested -> active):
  custom:framework-win-MediaFoundation: 216162199b28c13a410421893ffa2e32 -> 
  custom:video-decoder-ogg-theora: a1e56fd34408186e4bbccfd4996cb3dc -> 
  custom:container-muxer-webm: aa71ff27fc2769a1b78a27578f13a17b -> 
  custom:container-demuxer-webm: 4f35f7cbe854078d1ac9338744f61a02 -> 
  custom:container-demuxer-ogg: 62fdf1f143b41e24485cea50d1cbac27 -> 
  custom:video-encoder-webm-vp8: eb34c28f22e8b96e1ab97ce403110664 -> 
  custom:video-decoder-webm-vp8: 9c59270c3fd7afecdb556c50c9e8de78 -> 
  custom:audio-decoder-ogg-vorbis: bf7c407c2cedff20999df2af8eb42d56 -> 
  custom:audio-encoder-webm-vorbis: bf7c407c2cedff20999df2af8eb42d56 -> 
========================================================================
Received Import Request.
  Time since last request: 28.309818 seconds.
  path: Assets/Scripts/TurtleShellController.cs
  artifactKey: Guid(e83a129bf42eb5840a793f81f1ba82c0) Importer(815301076,1909f56bfc062723c751e8b465ee728b)
Start importing Assets/Scripts/TurtleShellController.cs using Guid(e83a129bf42eb5840a793f81f1ba82c0) Importer(815301076,1909f56bfc062723c751e8b465ee728b)  -> (artifact id: 'b2784cfbf7927b977f4fa6d772f53dcd') in 0.005446 seconds 
========================================================================
Received Import Request.
  Time since last request: 17.624614 seconds.
  path: Assets/Scripts/TurtleShellController.cs
  artifactKey: Guid(e83a129bf42eb5840a793f81f1ba82c0) Importer(815301076,1909f56bfc062723c751e8b465ee728b)
Start importing Assets/Scripts/TurtleShellController.cs using Guid(e83a129bf42eb5840a793f81f1ba82c0) Importer(815301076,1909f56bfc062723c751e8b465ee728b)  -> (artifact id: '24ae10644b67808beb99754642870552') in 0.002296 seconds 
========================================================================
Received Prepare
Registering precompiled user dll's ...
Registered in 0.006239 seconds.
Begin MonoManager ReloadAssembly
Native extension for WindowsStandalone target not found
Refreshing native plugins compatible for Editor in 0.60 ms, found 2 plugins.
Preloading 0 native plugins for Editor in 0.00 ms.
Mono: successfully reloaded assembly
- Completed reload, in  1.314 seconds
Domain Reload Profiling:
	ReloadAssembly (1314ms)
		BeginReloadAssembly (144ms)
			ExecutionOrderSort (0ms)
			DisableScriptedObjects (7ms)
			BackupInstance (0ms)
			ReleaseScriptingObjects (0ms)
			CreateAndSetChildDomain (38ms)
		EndReloadAssembly (1094ms)
			LoadAssemblies (132ms)
			RebuildTransferFunctionScriptingTraits (0ms)
			SetupTypeCache (438ms)
			ReleaseScriptCaches (2ms)
			RebuildScriptCaches (62ms)
			SetupLoadedEditorAssemblies (348ms)
				LogAssemblyErrors (0ms)
				InitializePlatformSupportModulesInManaged (7ms)
				SetLoadedEditorAssemblies (1ms)
				RefreshPlugins (1ms)
				BeforeProcessingInitializeOnLoad (47ms)
				ProcessInitializeOnLoadAttributes (278ms)
				ProcessInitializeOnLoadMethodAttributes (11ms)
				AfterProcessingInitializeOnLoad (3ms)
				EditorAssembliesLoaded (0ms)
			ExecutionOrderSort2 (0ms)
			AwakeInstancesAfterBackupRestoration (9ms)
Platform modules already initialized, skipping
Refreshing native plugins compatible for Editor in 0.94 ms, found 2 plugins.
Preloading 0 native plugins for Editor in 0.00 ms.
Unloading 1789 Unused Serialized files (Serialized files now loaded: 0)
System memory in use before: 116.7 MB.
System memory in use after: 116.8 MB.

Unloading 15 unused Assets to reduce memory usage. Loaded Objects now: 2341.
Total: 3.516300 ms (FindLiveObjects: 0.253100 ms CreateObjectMapping: 0.079900 ms MarkObjects: 3.134500 ms  DeleteObjects: 0.047600 ms)

AssetImportParameters requested are different than current active one (requested -> active):
  custom:framework-win-MediaFoundation: 216162199b28c13a410421893ffa2e32 -> 
  custom:video-decoder-ogg-theora: a1e56fd34408186e4bbccfd4996cb3dc -> 
  custom:container-muxer-webm: aa71ff27fc2769a1b78a27578f13a17b -> 
  custom:container-demuxer-webm: 4f35f7cbe854078d1ac9338744f61a02 -> 
  custom:container-demuxer-ogg: 62fdf1f143b41e24485cea50d1cbac27 -> 
  custom:video-encoder-webm-vp8: eb34c28f22e8b96e1ab97ce403110664 -> 
  custom:video-decoder-webm-vp8: 9c59270c3fd7afecdb556c50c9e8de78 -> 
  custom:audio-decoder-ogg-vorbis: bf7c407c2cedff20999df2af8eb42d56 -> 
  custom:audio-encoder-webm-vorbis: bf7c407c2cedff20999df2af8eb42d56 -> 
========================================================================
Received Import Request.
  Time since last request: 92.581545 seconds.
  path: Assets/Scripts/CondorController.cs
  artifactKey: Guid(461959daaa33ff04c94f099f56cdd689) Importer(815301076,1909f56bfc062723c751e8b465ee728b)
Start importing Assets/Scripts/CondorController.cs using Guid(461959daaa33ff04c94f099f56cdd689) Importer(815301076,1909f56bfc062723c751e8b465ee728b)  -> (artifact id: '9a0367b86a6b66dba843ef17666729de') in 0.006433 seconds 
========================================================================
Received Prepare
Registering precompiled user dll's ...
Registered in 0.005476 seconds.
Begin MonoManager ReloadAssembly
Native extension for WindowsStandalone target not found
Refreshing native plugins compatible for Editor in 0.53 ms, found 2 plugins.
Preloading 0 native plugins for Editor in 0.00 ms.
Mono: successfully reloaded assembly
- Completed reload, in  1.323 seconds
Domain Reload Profiling:
	ReloadAssembly (1323ms)
		BeginReloadAssembly (141ms)
			ExecutionOrderSort (0ms)
			DisableScriptedObjects (6ms)
			BackupInstance (0ms)
			ReleaseScriptingObjects (0ms)
			CreateAndSetChildDomain (41ms)
		EndReloadAssembly (1109ms)
			LoadAssemblies (152ms)
			RebuildTransferFunctionScriptingTraits (0ms)
			SetupTypeCache (455ms)
			ReleaseScriptCaches (1ms)
			RebuildScriptCaches (56ms)
			SetupLoadedEditorAssemblies (332ms)
				LogAssemblyErrors (0ms)
				InitializePlatformSupportModulesInManaged (5ms)
				SetLoadedEditorAssemblies (1ms)
				RefreshPlugins (1ms)
				BeforeProcessingInitializeOnLoad (47ms)
				ProcessInitializeOnLoadAttributes (262ms)
				ProcessInitializeOnLoadMethodAttributes (12ms)
				AfterProcessingInitializeOnLoad (5ms)
				EditorAssembliesLoaded (0ms)
			ExecutionOrderSort2 (0ms)
			AwakeInstancesAfterBackupRestoration (15ms)
Platform modules already initialized, skipping
Refreshing native plugins compatible for Editor in 1.54 ms, found 2 plugins.
Preloading 0 native plugins for Editor in 0.00 ms.
Unloading 1790 Unused Serialized files (Serialized files now loaded: 0)
System memory in use before: 116.7 MB.
System memory in use after: 116.8 MB.

Unloading 15 unused Assets to reduce memory usage. Loaded Objects now: 2344.
Total: 4.013300 ms (FindLiveObjects: 0.303400 ms CreateObjectMapping: 0.134500 ms MarkObjects: 3.507200 ms  DeleteObjects: 0.066400 ms)

AssetImportParameters requested are different than current active one (requested -> active):
  custom:framework-win-MediaFoundation: 216162199b28c13a410421893ffa2e32 -> 
  custom:video-decoder-ogg-theora: a1e56fd34408186e4bbccfd4996cb3dc -> 
  custom:container-muxer-webm: aa71ff27fc2769a1b78a27578f13a17b -> 
  custom:container-demuxer-webm: 4f35f7cbe854078d1ac9338744f61a02 -> 
  custom:container-demuxer-ogg: 62fdf1f143b41e24485cea50d1cbac27 -> 
  custom:video-encoder-webm-vp8: eb34c28f22e8b96e1ab97ce403110664 -> 
  custom:video-decoder-webm-vp8: 9c59270c3fd7afecdb556c50c9e8de78 -> 
  custom:audio-decoder-ogg-vorbis: bf7c407c2cedff20999df2af8eb42d56 -> 
  custom:audio-encoder-webm-vorbis: bf7c407c2cedff20999df2af8eb42d56 -> 
========================================================================
Received Prepare
Registering precompiled user dll's ...
Registered in 0.006827 seconds.
Begin MonoManager ReloadAssembly
Native extension for WindowsStandalone target not found
Refreshing native plugins compatible for Editor in 0.90 ms, found 2 plugins.
Preloading 0 native plugins for Editor in 0.00 ms.
Mono: successfully reloaded assembly
- Completed reload, in  1.176 seconds
Domain Reload Profiling:
	ReloadAssembly (1177ms)
		BeginReloadAssembly (172ms)
			ExecutionOrderSort (0ms)
			DisableScriptedObjects (13ms)
			BackupInstance (0ms)
			ReleaseScriptingObjects (0ms)
			CreateAndSetChildDomain (49ms)
		EndReloadAssembly (939ms)
			LoadAssemblies (127ms)
			RebuildTransferFunctionScriptingTraits (0ms)
			SetupTypeCache (369ms)
			ReleaseScriptCaches (1ms)
			RebuildScriptCaches (46ms)
			SetupLoadedEditorAssemblies (308ms)
				LogAssemblyErrors (0ms)
				InitializePlatformSupportModulesInManaged (8ms)
				SetLoadedEditorAssemblies (2ms)
				RefreshPlugins (1ms)
				BeforeProcessingInitializeOnLoad (45ms)
				ProcessInitializeOnLoadAttributes (239ms)
				ProcessInitializeOnLoadMethodAttributes (10ms)
				AfterProcessingInitializeOnLoad (4ms)
				EditorAssembliesLoaded (0ms)
			ExecutionOrderSort2 (0ms)
			AwakeInstancesAfterBackupRestoration (8ms)
Platform modules already initialized, skipping
Refreshing native plugins compatible for Editor in 0.58 ms, found 2 plugins.
Preloading 0 native plugins for Editor in 0.00 ms.
Unloading 1794 Unused Serialized files (Serialized files now loaded: 0)
System memory in use before: 117.4 MB.
System memory in use after: 117.2 MB.

Unloading 16 unused Assets to reduce memory usage. Loaded Objects now: 2349.
Total: 4.809300 ms (FindLiveObjects: 0.344600 ms CreateObjectMapping: 0.085800 ms MarkObjects: 3.760600 ms  DeleteObjects: 0.615600 ms)

AssetImportParameters requested are different than current active one (requested -> active):
  custom:framework-win-MediaFoundation: 216162199b28c13a410421893ffa2e32 -> 
  custom:video-decoder-ogg-theora: a1e56fd34408186e4bbccfd4996cb3dc -> 
  custom:container-muxer-webm: aa71ff27fc2769a1b78a27578f13a17b -> 
  custom:container-demuxer-webm: 4f35f7cbe854078d1ac9338744f61a02 -> 
  custom:container-demuxer-ogg: 62fdf1f143b41e24485cea50d1cbac27 -> 
  custom:video-encoder-webm-vp8: eb34c28f22e8b96e1ab97ce403110664 -> 
  custom:video-decoder-webm-vp8: 9c59270c3fd7afecdb556c50c9e8de78 -> 
  custom:audio-decoder-ogg-vorbis: bf7c407c2cedff20999df2af8eb42d56 -> 
  custom:audio-encoder-webm-vorbis: bf7c407c2cedff20999df2af8eb42d56 -> 
========================================================================
Received Import Request.
  Time since last request: 206.453648 seconds.
  path: Assets/EgyptMonsters/Prefabs
  artifactKey: Guid(b7c851bda6757484a90ac261fb9d0f4e) Importer(815301076,1909f56bfc062723c751e8b465ee728b)
Start importing Assets/EgyptMonsters/Prefabs using Guid(b7c851bda6757484a90ac261fb9d0f4e) Importer(815301076,1909f56bfc062723c751e8b465ee728b)  -> (artifact id: 'ec00cff768f4e2aa3515a12ab000308a') in 0.045132 seconds 
========================================================================
Received Import Request.
  Time since last request: 0.987084 seconds.
  path: Assets/EgyptMonsters/Prefabs/Eagles
  artifactKey: Guid(1e8709a4de26bf74ab7eac7817f1bc0f) Importer(815301076,1909f56bfc062723c751e8b465ee728b)
Start importing Assets/EgyptMonsters/Prefabs/Eagles using Guid(1e8709a4de26bf74ab7eac7817f1bc0f) Importer(815301076,1909f56bfc062723c751e8b465ee728b)  -> (artifact id: '74d3a30ac67dd9a05b198e907b9981d5') in 0.002631 seconds 
========================================================================
Received Import Request.
  Time since last request: 0.094541 seconds.
  path: Assets/EgyptMonsters/Prefabs/Eagles/Eagle_Elite.prefab
  artifactKey: Guid(30bdbf2b9c0bd8446af70e5b67b0dfc8) Importer(815301076,1909f56bfc062723c751e8b465ee728b)
Start importing Assets/EgyptMonsters/Prefabs/Eagles/Eagle_Elite.prefab using Guid(30bdbf2b9c0bd8446af70e5b67b0dfc8) Importer(815301076,1909f56bfc062723c751e8b465ee728b)  -> (artifact id: '9cb50a5de8969863be8813b674653e66') in 0.118795 seconds 
========================================================================
Received Import Request.
  Time since last request: 0.000412 seconds.
  path: Assets/EgyptMonsters/Prefabs/Eagles/Eagle_Normal.prefab
  artifactKey: Guid(8a98dc7c3255b1f43b1885fecabf80f2) Importer(815301076,1909f56bfc062723c751e8b465ee728b)
Start importing Assets/EgyptMonsters/Prefabs/Eagles/Eagle_Normal.prefab using Guid(8a98dc7c3255b1f43b1885fecabf80f2) Importer(815301076,1909f56bfc062723c751e8b465ee728b)  -> (artifact id: '48876ea62fd54c05651c2cafdce75bbc') in 0.016984 seconds 
========================================================================
Received Import Request.
  Time since last request: 113.266756 seconds.
  path: Assets/EgyptMonsters/Animations/Eagles/Eagle_Attack.fbx
  artifactKey: Guid(9be1df68a2975294c8fd5a26249c645c) Importer(815301076,1909f56bfc062723c751e8b465ee728b)
Start importing Assets/EgyptMonsters/Animations/Eagles/Eagle_Attack.fbx using Guid(9be1df68a2975294c8fd5a26249c645c) Importer(815301076,1909f56bfc062723c751e8b465ee728b)  -> (artifact id: '45a0b32ff7d6376104795c0fe2d4705c') in 0.018310 seconds 
========================================================================
Received Import Request.
  Time since last request: 0.000520 seconds.
  path: Assets/Supercyan Free Forest Sample/Prefabs/High Quality/Foliage/Mushroom/forestpack_foliage_mushroom_blue_big.prefab
  artifactKey: Guid(3a9df2c30188f10438112114dc22bae1) Importer(815301076,1909f56bfc062723c751e8b465ee728b)
Start importing Assets/Supercyan Free Forest Sample/Prefabs/High Quality/Foliage/Mushroom/forestpack_foliage_mushroom_blue_big.prefab using Guid(3a9df2c30188f10438112114dc22bae1) Importer(815301076,1909f56bfc062723c751e8b465ee728b)  -> (artifact id: '68ca9859d12183eed70ca57d1b88a790') in 0.337505 seconds 
========================================================================
Received Import Request.
  Time since last request: 0.000481 seconds.
  path: Assets/Supercyan Free Forest Sample/Prefabs/High Quality/Sign/forestpack_roadSign_westEast_1.prefab
  artifactKey: Guid(a8cba3361c8f7724e8899289f1efa8cc) Importer(815301076,1909f56bfc062723c751e8b465ee728b)
Start importing Assets/Supercyan Free Forest Sample/Prefabs/High Quality/Sign/forestpack_roadSign_westEast_1.prefab using Guid(a8cba3361c8f7724e8899289f1efa8cc) Importer(815301076,1909f56bfc062723c751e8b465ee728b)  -> (artifact id: 'c2d8f9b08975b309acd1041023f9391d') in 0.023689 seconds 
========================================================================
Received Import Request.
  Time since last request: 0.000419 seconds.
  path: Assets/Supercyan Free Forest Sample/Models/SignAndBridge/forestpack_roadSign_westEast_1_meshCollider.FBX
  artifactKey: Guid(5b51913d07f805546855136f7b5feb44) Importer(815301076,1909f56bfc062723c751e8b465ee728b)
Start importing Assets/Supercyan Free Forest Sample/Models/SignAndBridge/forestpack_roadSign_westEast_1_meshCollider.FBX using Guid(5b51913d07f805546855136f7b5feb44) Importer(815301076,1909f56bfc062723c751e8b465ee728b)  -> (artifact id: 'd7e832cfc2ade1869de03a230f8149ea') in 0.095261 seconds 
========================================================================
Received Import Request.
  Time since last request: 0.000450 seconds.
  path: Assets/Blink/Art/Animations/Animations_Starter_Pack/Movement/FallingLoop.fbx
  artifactKey: Guid(988fefd40c70c4243ac399fce021190a) Importer(815301076,1909f56bfc062723c751e8b465ee728b)
Start importing Assets/Blink/Art/Animations/Animations_Starter_Pack/Movement/FallingLoop.fbx using Guid(988fefd40c70c4243ac399fce021190a) Importer(815301076,1909f56bfc062723c751e8b465ee728b)  -> (artifact id: '3336cd0586868e719a051d98a0e2608c') in 0.037911 seconds 
========================================================================
Received Import Request.
  Time since last request: 0.000518 seconds.
  path: Assets/Supercyan Free Forest Sample/Models/Stone/forestpack_stone_large_1.fbx
  artifactKey: Guid(29350d5dafe58194793aeaffb2c99ea8) Importer(815301076,1909f56bfc062723c751e8b465ee728b)
Start importing Assets/Supercyan Free Forest Sample/Models/Stone/forestpack_stone_large_1.fbx using Guid(29350d5dafe58194793aeaffb2c99ea8) Importer(815301076,1909f56bfc062723c751e8b465ee728b)  -> (artifact id: '5cac6612e4caccff1b337f02374d0cdf') in 0.019737 seconds 
========================================================================
Received Import Request.
  Time since last request: 0.000442 seconds.
  path: Assets/EgyptMonsters/Animations/Eagles/Eagle_Die.fbx
  artifactKey: Guid(cb6e4e3a32c0346468e6573e30f031a3) Importer(815301076,1909f56bfc062723c751e8b465ee728b)
Start importing Assets/EgyptMonsters/Animations/Eagles/Eagle_Die.fbx using Guid(cb6e4e3a32c0346468e6573e30f031a3) Importer(815301076,1909f56bfc062723c751e8b465ee728b)  -> (artifact id: 'b578540e3aac908f60765b3ec8ab1b52') in 0.010253 seconds 
========================================================================
Received Import Request.
  Time since last request: 0.000439 seconds.
  path: Assets/Supercyan Free Forest Sample/Models/SignAndBridge/forestpack_roadSign_westEast_1.FBX
  artifactKey: Guid(fbaae1d077d294940b6ecbec3e9c88eb) Importer(815301076,1909f56bfc062723c751e8b465ee728b)
Start importing Assets/Supercyan Free Forest Sample/Models/SignAndBridge/forestpack_roadSign_westEast_1.FBX using Guid(fbaae1d077d294940b6ecbec3e9c88eb) Importer(815301076,1909f56bfc062723c751e8b465ee728b)  -> (artifact id: '650ce6b205a2fb718bf818e59b4ffcb6') in 0.015231 seconds 
========================================================================
Received Import Request.
  Time since last request: 0.000338 seconds.
  path: Assets/EgyptMonsters/Animations/Eagles/Eagle_Damaged.fbx
  artifactKey: Guid(8a39633eb9e08ba41b71ccaa82d782e6) Importer(815301076,1909f56bfc062723c751e8b465ee728b)
Start importing Assets/EgyptMonsters/Animations/Eagles/Eagle_Damaged.fbx using Guid(8a39633eb9e08ba41b71ccaa82d782e6) Importer(815301076,1909f56bfc062723c751e8b465ee728b)  -> (artifact id: '187592de4009ccf3430741ad335f6e49') in 0.011132 seconds 
========================================================================
Received Import Request.
  Time since last request: 0.000474 seconds.
  path: Assets/EgyptMonsters/Animations/Eagles/Eagle_Idle.FBX
  artifactKey: Guid(72653ef7e2c300843867b12848f542be) Importer(815301076,1909f56bfc062723c751e8b465ee728b)
Start importing Assets/EgyptMonsters/Animations/Eagles/Eagle_Idle.FBX using Guid(72653ef7e2c300843867b12848f542be) Importer(815301076,1909f56bfc062723c751e8b465ee728b)  -> (artifact id: '8a740e6731f8baa154462371243c170f') in 0.076791 seconds 
========================================================================
Received Import Request.
  Time since last request: 0.000453 seconds.
  path: Assets/Supercyan Free Forest Sample/Prefabs/High Quality/Foliage/Mushroom/forestpack_foliage_mushroom_red_small.prefab
  artifactKey: Guid(da33a1bfeaaabaa4597896ca7003b785) Importer(815301076,1909f56bfc062723c751e8b465ee728b)
Start importing Assets/Supercyan Free Forest Sample/Prefabs/High Quality/Foliage/Mushroom/forestpack_foliage_mushroom_red_small.prefab using Guid(da33a1bfeaaabaa4597896ca7003b785) Importer(815301076,1909f56bfc062723c751e8b465ee728b)  -> (artifact id: '7c0d3de530df7af94c42c5d0d464d5f2') in 0.011507 seconds 
========================================================================
Received Import Request.
  Time since last request: 0.000398 seconds.
  path: Assets/Supercyan Free Forest Sample/Prefabs/High Quality/Foliage/Grass/forestpack_foliage_grassPatch_small_1.prefab
  artifactKey: Guid(791c30b04e8fc1e4fbf198c410a652e2) Importer(815301076,1909f56bfc062723c751e8b465ee728b)
Start importing Assets/Supercyan Free Forest Sample/Prefabs/High Quality/Foliage/Grass/forestpack_foliage_grassPatch_small_1.prefab using Guid(791c30b04e8fc1e4fbf198c410a652e2) Importer(815301076,1909f56bfc062723c751e8b465ee728b)  -> (artifact id: '6d52a08918312e310d94f1dca7c79b23') in 0.011802 seconds 
========================================================================
Received Import Request.
  Time since last request: 0.000368 seconds.
  path: Assets/EgyptMonsters/Models/Eagles/Eagle_Normal.fbx
  artifactKey: Guid(221f97476fc29794da96ee45e1fb7f2e) Importer(815301076,1909f56bfc062723c751e8b465ee728b)
Start importing Assets/EgyptMonsters/Models/Eagles/Eagle_Normal.fbx using Guid(221f97476fc29794da96ee45e1fb7f2e) Importer(815301076,1909f56bfc062723c751e8b465ee728b)  -> (artifact id: '0e6fcaf2f389045036a643993b202d5c') in 0.029713 seconds 
========================================================================
Received Import Request.
  Time since last request: 0.000377 seconds.
  path: Assets/Supercyan Free Forest Sample/Models/Foliage/Grass/forestpack_foliage_grassPatch_small_2.fbx
  artifactKey: Guid(3b528a8c228f8c942b986767297f715c) Importer(815301076,1909f56bfc062723c751e8b465ee728b)
Start importing Assets/Supercyan Free Forest Sample/Models/Foliage/Grass/forestpack_foliage_grassPatch_small_2.fbx using Guid(3b528a8c228f8c942b986767297f715c) Importer(815301076,1909f56bfc062723c751e8b465ee728b)  -> (artifact id: '0f4a8cc7a7871299f872b7f8af8e1b0f') in 0.015003 seconds 
========================================================================
Received Import Request.
  Time since last request: 0.000527 seconds.
  path: Assets/Supercyan Free Forest Sample/Models/Foliage/Mushroom/forestpack_foliage_mushroom_red_small.FBX
  artifactKey: Guid(44b03eaa872f141408d84aad99e0175f) Importer(815301076,1909f56bfc062723c751e8b465ee728b)
Start importing Assets/Supercyan Free Forest Sample/Models/Foliage/Mushroom/forestpack_foliage_mushroom_red_small.FBX using Guid(44b03eaa872f141408d84aad99e0175f) Importer(815301076,1909f56bfc062723c751e8b465ee728b)  -> (artifact id: '03ae8cfd9c41cca4b0357185406dda10') in 0.018178 seconds 
========================================================================
Received Import Request.
  Time since last request: 0.000520 seconds.
  path: Assets/EgyptMonsters/Animations/Eagles/Eagle_Fly.FBX
  artifactKey: Guid(83e5c1509c78c1642ae698d94e580b47) Importer(815301076,1909f56bfc062723c751e8b465ee728b)
Start importing Assets/EgyptMonsters/Animations/Eagles/Eagle_Fly.FBX using Guid(83e5c1509c78c1642ae698d94e580b47) Importer(815301076,1909f56bfc062723c751e8b465ee728b)  -> (artifact id: '72a65246b005a3f31aff9a20965593ae') in 0.007513 seconds 
========================================================================
Received Import Request.
  Time since last request: 0.000380 seconds.
  path: Assets/Supercyan Free Forest Sample/Models/Foliage/Grass/forestpack_foliage_grassPatch_small_1.fbx
  artifactKey: Guid(729791b8cf5dd874f94b1d07407161bf) Importer(815301076,1909f56bfc062723c751e8b465ee728b)
Start importing Assets/Supercyan Free Forest Sample/Models/Foliage/Grass/forestpack_foliage_grassPatch_small_1.fbx using Guid(729791b8cf5dd874f94b1d07407161bf) Importer(815301076,1909f56bfc062723c751e8b465ee728b)  -> (artifact id: '60c3e9955922d6a26a62dd5415c071ab') in 0.018023 seconds 
========================================================================
Received Import Request.
  Time since last request: 0.000309 seconds.
  path: Assets/Supercyan Free Forest Sample/Models/Foliage/Mushroom/forestpack_foliage_mushroom_blue_big.FBX
  artifactKey: Guid(1115645f02362fc40a598fcdf0a09ba0) Importer(815301076,1909f56bfc062723c751e8b465ee728b)
Start importing Assets/Supercyan Free Forest Sample/Models/Foliage/Mushroom/forestpack_foliage_mushroom_blue_big.FBX using Guid(1115645f02362fc40a598fcdf0a09ba0) Importer(815301076,1909f56bfc062723c751e8b465ee728b)  -> (artifact id: '8938cfde0668e346eda1063e80aa1872') in 0.014299 seconds 
========================================================================
Received Import Request.
  Time since last request: 0.000419 seconds.
  path: Assets/EgyptMonsters/Models/Eagles/Eagle_Elite.FBX
  artifactKey: Guid(86b218d3ae7649141a8a0fdb8cee785a) Importer(815301076,1909f56bfc062723c751e8b465ee728b)
Start importing Assets/EgyptMonsters/Models/Eagles/Eagle_Elite.FBX using Guid(86b218d3ae7649141a8a0fdb8cee785a) Importer(815301076,1909f56bfc062723c751e8b465ee728b)  -> (artifact id: '6230703714e7acd8d98d58731f9de8bf') in 0.028466 seconds 
========================================================================
Received Import Request.
  Time since last request: 0.000455 seconds.
  path: Assets/EgyptMonsters/Animations/Eagles/Eagle_Leave.FBX
  artifactKey: Guid(3cfcef396eab1df4d8eee0acbfa61495) Importer(815301076,1909f56bfc062723c751e8b465ee728b)
Start importing Assets/EgyptMonsters/Animations/Eagles/Eagle_Leave.FBX using Guid(3cfcef396eab1df4d8eee0acbfa61495) Importer(815301076,1909f56bfc062723c751e8b465ee728b)  -> (artifact id: '26ca92b2a2a0ef7d30970f661d5f0d84') in 0.030870 seconds 
========================================================================
Received Import Request.
  Time since last request: 0.000469 seconds.
  path: Assets/AstarPathfindingProject/ExampleScenes/Example6_Navmesh/example6.fbx
  artifactKey: Guid(7fdfb9a3e0fdf4df880ebc7fa5f56398) Importer(815301076,1909f56bfc062723c751e8b465ee728b)
Start importing Assets/AstarPathfindingProject/ExampleScenes/Example6_Navmesh/example6.fbx using Guid(7fdfb9a3e0fdf4df880ebc7fa5f56398) Importer(815301076,1909f56bfc062723c751e8b465ee728b)  -> (artifact id: 'bbe2df00c7f3c9685123a83b24a4af99') in 0.041433 seconds 
========================================================================
Received Import Request.
  Time since last request: 0.000444 seconds.
  path: Assets/Supercyan Free Forest Sample/Prefabs/High Quality/Foliage/Grass/forestpack_foliage_grassPatch_small_2.prefab
  artifactKey: Guid(b3425777f1700b249a15eea0ea8f0bbc) Importer(815301076,1909f56bfc062723c751e8b465ee728b)
Start importing Assets/Supercyan Free Forest Sample/Prefabs/High Quality/Foliage/Grass/forestpack_foliage_grassPatch_small_2.prefab using Guid(b3425777f1700b249a15eea0ea8f0bbc) Importer(815301076,1909f56bfc062723c751e8b465ee728b)  -> (artifact id: '2db1ec0a5e9cab01f4b0aafefb56e1d1') in 0.010906 seconds 
========================================================================
Received Import Request.
  Time since last request: 0.000385 seconds.
  path: Assets/EgyptMonsters/Effects/Eagles/Eagle_Scratch.prefab
  artifactKey: Guid(87b722261969f194ea7e30f358a7b1e6) Importer(815301076,1909f56bfc062723c751e8b465ee728b)
Start importing Assets/EgyptMonsters/Effects/Eagles/Eagle_Scratch.prefab using Guid(87b722261969f194ea7e30f358a7b1e6) Importer(815301076,1909f56bfc062723c751e8b465ee728b)  -> (artifact id: 'e5fda2792d0ec00861396ba36d4cb984') in 0.018100 seconds 
========================================================================
Received Import Request.
  Time since last request: 926.352284 seconds.
  path: Assets/Scripts/Patrol.cs
  artifactKey: Guid(f1bc92f6af2ca514b8d58a2f5652cf33) Importer(815301076,1909f56bfc062723c751e8b465ee728b)
Start importing Assets/Scripts/Patrol.cs using Guid(f1bc92f6af2ca514b8d58a2f5652cf33) Importer(815301076,1909f56bfc062723c751e8b465ee728b)  -> (artifact id: '9a6923e24ab05e610c183640f29e117f') in 0.002353 seconds 
========================================================================
Received Prepare
Registering precompiled user dll's ...
Registered in 0.007434 seconds.
Begin MonoManager ReloadAssembly
Native extension for WindowsStandalone target not found
Refreshing native plugins compatible for Editor in 0.61 ms, found 2 plugins.
Preloading 0 native plugins for Editor in 0.00 ms.
Mono: successfully reloaded assembly
- Completed reload, in  1.318 seconds
Domain Reload Profiling:
	ReloadAssembly (1319ms)
		BeginReloadAssembly (150ms)
			ExecutionOrderSort (0ms)
			DisableScriptedObjects (9ms)
			BackupInstance (0ms)
			ReleaseScriptingObjects (0ms)
			CreateAndSetChildDomain (45ms)
		EndReloadAssembly (1099ms)
			LoadAssemblies (123ms)
			RebuildTransferFunctionScriptingTraits (0ms)
			SetupTypeCache (407ms)
			ReleaseScriptCaches (1ms)
			RebuildScriptCaches (53ms)
			SetupLoadedEditorAssemblies (390ms)
				LogAssemblyErrors (0ms)
				InitializePlatformSupportModulesInManaged (6ms)
				SetLoadedEditorAssemblies (1ms)
				RefreshPlugins (1ms)
				BeforeProcessingInitializeOnLoad (50ms)
				ProcessInitializeOnLoadAttributes (312ms)
				ProcessInitializeOnLoadMethodAttributes (15ms)
				AfterProcessingInitializeOnLoad (5ms)
				EditorAssembliesLoaded (0ms)
			ExecutionOrderSort2 (0ms)
			AwakeInstancesAfterBackupRestoration (20ms)
Platform modules already initialized, skipping
Refreshing native plugins compatible for Editor in 0.61 ms, found 2 plugins.
Preloading 0 native plugins for Editor in 0.00 ms.
Unloading 1797 Unused Serialized files (Serialized files now loaded: 0)
System memory in use before: 118.1 MB.
System memory in use after: 117.8 MB.

Unloading 17 unused Assets to reduce memory usage. Loaded Objects now: 2389.
Total: 7.385000 ms (FindLiveObjects: 0.272800 ms CreateObjectMapping: 0.119300 ms MarkObjects: 6.441600 ms  DeleteObjects: 0.548900 ms)

AssetImportParameters requested are different than current active one (requested -> active):
  custom:framework-win-MediaFoundation: 216162199b28c13a410421893ffa2e32 -> 
  custom:video-decoder-ogg-theora: a1e56fd34408186e4bbccfd4996cb3dc -> 
  custom:container-muxer-webm: aa71ff27fc2769a1b78a27578f13a17b -> 
  custom:container-demuxer-webm: 4f35f7cbe854078d1ac9338744f61a02 -> 
  custom:container-demuxer-ogg: 62fdf1f143b41e24485cea50d1cbac27 -> 
  custom:video-encoder-webm-vp8: eb34c28f22e8b96e1ab97ce403110664 -> 
  custom:video-decoder-webm-vp8: 9c59270c3fd7afecdb556c50c9e8de78 -> 
  custom:audio-decoder-ogg-vorbis: bf7c407c2cedff20999df2af8eb42d56 -> 
  custom:audio-encoder-webm-vorbis: bf7c407c2cedff20999df2af8eb42d56 -> 
========================================================================
Received Import Request.
  Time since last request: 571.707064 seconds.
  path: Assets/AdvancedPolygonCollider/Readme.txt
  artifactKey: Guid(36f568b320ef9d9468aec3154a825558) Importer(815301076,1909f56bfc062723c751e8b465ee728b)
Start importing Assets/AdvancedPolygonCollider/Readme.txt using Guid(36f568b320ef9d9468aec3154a825558) Importer(815301076,1909f56bfc062723c751e8b465ee728b)  -> (artifact id: '79a5a7e53ef78bed3ccbf8e37f2b57fb') in 0.037274 seconds 
========================================================================
Received Import Request.
  Time since last request: 71.298552 seconds.
  path: Assets/AdvancedPolygonCollider/Demo
  artifactKey: Guid(95bec1c33ae4ac6468e499e3fce7f8a9) Importer(815301076,1909f56bfc062723c751e8b465ee728b)
Start importing Assets/AdvancedPolygonCollider/Demo using Guid(95bec1c33ae4ac6468e499e3fce7f8a9) Importer(815301076,1909f56bfc062723c751e8b465ee728b)  -> (artifact id: '5b63f1bbead5c7057bd973dd8b6a03b5') in 0.002445 seconds 
========================================================================
Received Import Request.
  Time since last request: 0.000487 seconds.
  path: Assets/AdvancedPolygonCollider/Demo/FloorMaterial.physicsMaterial2D
  artifactKey: Guid(acb8a569beae3394bb37bbaa8819592d) Importer(815301076,1909f56bfc062723c751e8b465ee728b)
Start importing Assets/AdvancedPolygonCollider/Demo/FloorMaterial.physicsMaterial2D using Guid(acb8a569beae3394bb37bbaa8819592d) Importer(815301076,1909f56bfc062723c751e8b465ee728b)  -> (artifact id: 'bd280f871a86b03759283ecef0848693') in 0.005462 seconds 
AssetImportWorkerClient::OnTransportError - code=2 error=End of file
